0 info it worked if it ends with ok
1 verbose cli [ 'node', '/usr/local/bin/npm', 'install', '-g' ]
2 info using npm@1.4.9
3 info using node@v0.10.28
4 verbose cache add [ '.', null ]
5 verbose cache add name=undefined spec="." args=[".",null]
6 verbose parsed url { protocol: null,
6 verbose parsed url   slashes: null,
6 verbose parsed url   auth: null,
6 verbose parsed url   host: null,
6 verbose parsed url   port: null,
6 verbose parsed url   hostname: null,
6 verbose parsed url   hash: null,
6 verbose parsed url   search: null,
6 verbose parsed url   query: null,
6 verbose parsed url   pathname: '.',
6 verbose parsed url   path: '.',
6 verbose parsed url   href: '.' }
7 silly lockFile 3a52ce78- .
8 verbose lock . /Users/Douglas/.npm/3a52ce78-.lock
9 verbose tar pack [ '/var/folders/gp/zgj05p5j1mb6jqbjzf0mv3b40000gn/T/npm-642-S4zujj47/1430594723671-0.9075359613634646/tmp.tgz',
9 verbose tar pack   '.' ]
10 verbose tarball /var/folders/gp/zgj05p5j1mb6jqbjzf0mv3b40000gn/T/npm-642-S4zujj47/1430594723671-0.9075359613634646/tmp.tgz
11 verbose folder .
12 info prepublish musicapp@1.0.0
13 silly lockFile 1f1177db-tar tar://.
14 verbose lock tar://. /Users/Douglas/.npm/1f1177db-tar.lock
15 silly lockFile 7bfd5d93-23671-0-9075359613634646-tmp-tgz tar:///var/folders/gp/zgj05p5j1mb6jqbjzf0mv3b40000gn/T/npm-642-S4zujj47/1430594723671-0.9075359613634646/tmp.tgz
16 verbose lock tar:///var/folders/gp/zgj05p5j1mb6jqbjzf0mv3b40000gn/T/npm-642-S4zujj47/1430594723671-0.9075359613634646/tmp.tgz /Users/Douglas/.npm/7bfd5d93-23671-0-9075359613634646-tmp-tgz.lock
17 silly lockFile 1f1177db-tar tar://.
18 silly lockFile 1f1177db-tar tar://.
19 silly lockFile 7bfd5d93-23671-0-9075359613634646-tmp-tgz tar:///var/folders/gp/zgj05p5j1mb6jqbjzf0mv3b40000gn/T/npm-642-S4zujj47/1430594723671-0.9075359613634646/tmp.tgz
20 silly lockFile 7bfd5d93-23671-0-9075359613634646-tmp-tgz tar:///var/folders/gp/zgj05p5j1mb6jqbjzf0mv3b40000gn/T/npm-642-S4zujj47/1430594723671-0.9075359613634646/tmp.tgz
21 verbose tar unpack /var/folders/gp/zgj05p5j1mb6jqbjzf0mv3b40000gn/T/npm-642-S4zujj47/1430594723671-0.9075359613634646/tmp.tgz
22 silly lockFile 3ce645ef-uglas-npm-musicapp-1-0-0-package tar:///Users/Douglas/.npm/musicapp/1.0.0/package
23 verbose lock tar:///Users/Douglas/.npm/musicapp/1.0.0/package /Users/Douglas/.npm/3ce645ef-uglas-npm-musicapp-1-0-0-package.lock
24 silly lockFile 7bfd5d93-23671-0-9075359613634646-tmp-tgz tar:///var/folders/gp/zgj05p5j1mb6jqbjzf0mv3b40000gn/T/npm-642-S4zujj47/1430594723671-0.9075359613634646/tmp.tgz
25 verbose lock tar:///var/folders/gp/zgj05p5j1mb6jqbjzf0mv3b40000gn/T/npm-642-S4zujj47/1430594723671-0.9075359613634646/tmp.tgz /Users/Douglas/.npm/7bfd5d93-23671-0-9075359613634646-tmp-tgz.lock
26 silly gunzTarPerm modes [ '755', '644' ]
27 silly gunzTarPerm extractEntry package.json
28 silly gunzTarPerm extractEntry .npmignore
29 silly gunzTarPerm extractEntry gulpfile.js
30 silly gunzTarPerm extractEntry hooks/README.md
31 silly gunzTarPerm extractEntry hooks/after_prepare/010_add_platform_class.js
32 silly gunzTarPerm extractEntry .bowerrc
33 silly gunzTarPerm extractEntry bower.json
34 silly gunzTarPerm extractEntry ionic.project
35 silly gunzTarPerm extractEntry config.xml
36 silly gunzTarPerm extractEntry scss/ionic.app.scss
37 silly gunzTarPerm extractEntry www/css/style.css
38 silly gunzTarPerm extractEntry www/img/ionic.png
39 silly gunzTarPerm extractEntry www/index.html
40 silly gunzTarPerm extractEntry www/js/app.js
41 silly gunzTarPerm extractEntry www/js/controllers.js
42 silly gunzTarPerm extractEntry www/lib/ionic/css/ionic.css
43 silly gunzTarPerm extractEntry www/lib/ionic/css/ionic.min.css
44 silly gunzTarPerm extractEntry www/lib/ionic/fonts/ionicons.eot
45 silly gunzTarPerm extractEntry www/lib/ionic/fonts/ionicons.svg
46 silly gunzTarPerm extractEntry www/lib/ionic/fonts/ionicons.ttf
47 silly gunzTarPerm extractEntry www/lib/ionic/fonts/ionicons.woff
48 silly gunzTarPerm extractEntry www/lib/ionic/js/ionic-angular.js
49 silly gunzTarPerm extractEntry www/lib/ionic/js/ionic-angular.min.js
50 silly gunzTarPerm extractEntry www/lib/ionic/js/ionic.bundle.js
51 silly gunzTarPerm extractEntry www/lib/ionic/js/ionic.bundle.min.js
52 silly gunzTarPerm extractEntry www/lib/ionic/js/ionic.js
53 silly gunzTarPerm extractEntry www/lib/ionic/js/ionic.min.js
54 silly gunzTarPerm extractEntry www/lib/ionic/js/angular/angular-animate.js
55 silly gunzTarPerm extractEntry www/lib/ionic/js/angular/angular-animate.min.js
56 silly gunzTarPerm extractEntry www/lib/ionic/js/angular/angular-resource.js
57 silly gunzTarPerm extractEntry www/lib/ionic/js/angular/angular-resource.min.js
58 silly gunzTarPerm extractEntry www/lib/ionic/js/angular/angular-sanitize.js
59 silly gunzTarPerm extractEntry www/lib/ionic/js/angular/angular-sanitize.min.js
60 silly gunzTarPerm extractEntry www/lib/ionic/js/angular/angular.js
61 silly gunzTarPerm extractEntry www/lib/ionic/js/angular/angular.min.js
62 silly gunzTarPerm extractEntry www/lib/ionic/js/angular-ui/angular-ui-router.js
63 silly gunzTarPerm extractEntry www/lib/ionic/js/angular-ui/angular-ui-router.min.js
64 silly gunzTarPerm extractEntry www/lib/ionic/scss/_popup.scss
65 silly gunzTarPerm extractEntry www/lib/ionic/scss/_action-sheet.scss
66 silly gunzTarPerm extractEntry www/lib/ionic/scss/_backdrop.scss
67 silly gunzTarPerm extractEntry www/lib/ionic/scss/_badge.scss
68 silly gunzTarPerm extractEntry www/lib/ionic/scss/_bar.scss
69 silly gunzTarPerm extractEntry www/lib/ionic/scss/_button-bar.scss
70 silly gunzTarPerm extractEntry www/lib/ionic/scss/_button.scss
71 silly gunzTarPerm extractEntry www/lib/ionic/scss/_checkbox.scss
72 silly gunzTarPerm extractEntry www/lib/ionic/scss/_form.scss
73 silly gunzTarPerm extractEntry www/lib/ionic/scss/_grid.scss
74 silly gunzTarPerm extractEntry www/lib/ionic/scss/_items.scss
75 silly gunzTarPerm extractEntry www/lib/ionic/scss/_list.scss
76 silly gunzTarPerm extractEntry www/lib/ionic/scss/_loading.scss
77 silly gunzTarPerm extractEntry www/lib/ionic/scss/_menu.scss
78 silly gunzTarPerm extractEntry www/lib/ionic/scss/_mixins.scss
79 silly gunzTarPerm extractEntry www/lib/ionic/scss/_modal.scss
80 silly gunzTarPerm extractEntry www/lib/ionic/scss/_platform.scss
81 silly gunzTarPerm extractEntry www/lib/ionic/scss/_popover.scss
82 silly gunzTarPerm extractEntry www/lib/ionic/scss/_animations.scss
83 silly gunzTarPerm extractEntry www/lib/ionic/scss/_progress.scss
84 silly gunzTarPerm extractEntry www/lib/ionic/scss/_radio.scss
85 silly gunzTarPerm extractEntry www/lib/ionic/scss/_range.scss
86 silly gunzTarPerm extractEntry www/lib/ionic/scss/_refresher.scss
87 silly gunzTarPerm extractEntry www/lib/ionic/scss/_reset.scss
88 silly gunzTarPerm extractEntry www/lib/ionic/scss/_scaffolding.scss
89 silly gunzTarPerm extractEntry www/lib/ionic/scss/_select.scss
90 silly gunzTarPerm extractEntry www/lib/ionic/scss/_slide-box.scss
91 silly gunzTarPerm extractEntry www/lib/ionic/scss/_spinner.scss
92 silly gunzTarPerm extractEntry www/lib/ionic/scss/_tabs.scss
93 silly gunzTarPerm extractEntry www/lib/ionic/scss/_toggle.scss
94 silly gunzTarPerm extractEntry www/lib/ionic/scss/_transitions.scss
95 silly gunzTarPerm extractEntry www/lib/ionic/scss/_type.scss
96 silly gunzTarPerm extractEntry www/lib/ionic/scss/_util.scss
97 silly gunzTarPerm extractEntry www/lib/ionic/scss/_variables.scss
98 silly gunzTarPerm extractEntry www/lib/ionic/scss/ionic.scss
99 silly gunzTarPerm extractEntry www/lib/ionic/scss/ionicons/_ionicons-font.scss
100 silly gunzTarPerm extractEntry www/lib/ionic/scss/ionicons/_ionicons-icons.scss
101 silly gunzTarPerm extractEntry www/lib/ionic/scss/ionicons/_ionicons-variables.scss
102 silly gunzTarPerm extractEntry www/lib/ionic/scss/ionicons/ionicons.scss
103 silly gunzTarPerm extractEntry www/lib/ionic/version.json
104 silly gunzTarPerm extractEntry www/templates/browse.html
105 silly gunzTarPerm extractEntry www/templates/login.html
106 silly gunzTarPerm extractEntry www/templates/menu.html
107 silly gunzTarPerm extractEntry www/templates/playlist.html
108 silly gunzTarPerm extractEntry www/templates/playlists.html
109 silly gunzTarPerm extractEntry www/templates/search.html
110 silly lockFile 3ce645ef-uglas-npm-musicapp-1-0-0-package tar:///Users/Douglas/.npm/musicapp/1.0.0/package
111 silly lockFile 3ce645ef-uglas-npm-musicapp-1-0-0-package tar:///Users/Douglas/.npm/musicapp/1.0.0/package
112 silly lockFile 7bfd5d93-23671-0-9075359613634646-tmp-tgz tar:///var/folders/gp/zgj05p5j1mb6jqbjzf0mv3b40000gn/T/npm-642-S4zujj47/1430594723671-0.9075359613634646/tmp.tgz
113 silly lockFile 7bfd5d93-23671-0-9075359613634646-tmp-tgz tar:///var/folders/gp/zgj05p5j1mb6jqbjzf0mv3b40000gn/T/npm-642-S4zujj47/1430594723671-0.9075359613634646/tmp.tgz
114 silly lockFile 3a52ce78- .
115 silly lockFile 3a52ce78- .
116 silly resolved [ { name: 'musicapp',
116 silly resolved     version: '1.0.0',
116 silly resolved     description: 'musicApp: An Ionic project',
116 silly resolved     dependencies:
116 silly resolved      { gulp: '^3.5.6',
116 silly resolved        'gulp-sass': '^1.3.3',
116 silly resolved        'gulp-concat': '^2.2.0',
116 silly resolved        'gulp-minify-css': '^0.3.0',
116 silly resolved        'gulp-rename': '^1.2.0' },
116 silly resolved     devDependencies: { bower: '^1.3.3', 'gulp-util': '^2.2.14', shelljs: '^0.3.0' },
116 silly resolved     cordovaPlugins:
116 silly resolved      [ 'org.apache.cordova.device',
116 silly resolved        'org.apache.cordova.console',
116 silly resolved        'com.ionic.keyboard' ],
116 silly resolved     cordovaPlatforms: [],
116 silly resolved     readme: 'ERROR: No README data found!',
116 silly resolved     _id: 'musicapp@1.0.0',
116 silly resolved     _shasum: '91ee5759f83e3c00b911e3982a118f5a2fa92a4f',
116 silly resolved     _from: '.' } ]
117 info install musicapp@1.0.0 into /usr/local/lib
118 info installOne musicapp@1.0.0
119 info /usr/local/lib/node_modules/musicapp unbuild
120 verbose tar unpack /Users/Douglas/.npm/musicapp/1.0.0/package.tgz
121 silly lockFile 0480f0fa--local-lib-node-modules-musicapp tar:///usr/local/lib/node_modules/musicapp
122 verbose lock tar:///usr/local/lib/node_modules/musicapp /Users/Douglas/.npm/0480f0fa--local-lib-node-modules-musicapp.lock
123 silly lockFile 87d85364-s-npm-musicapp-1-0-0-package-tgz tar:///Users/Douglas/.npm/musicapp/1.0.0/package.tgz
124 verbose lock tar:///Users/Douglas/.npm/musicapp/1.0.0/package.tgz /Users/Douglas/.npm/87d85364-s-npm-musicapp-1-0-0-package-tgz.lock
125 silly gunzTarPerm modes [ '755', '644' ]
126 error Error: EACCES, mkdir '/usr/local/lib/node_modules/musicapp'
126 error  { [Error: EACCES, mkdir '/usr/local/lib/node_modules/musicapp']
126 error   errno: 3,
126 error   code: 'EACCES',
126 error   path: '/usr/local/lib/node_modules/musicapp',
126 error   fstream_type: 'Directory',
126 error   fstream_path: '/usr/local/lib/node_modules/musicapp',
126 error   fstream_class: 'DirWriter',
126 error   fstream_stack:
126 error    [ '/usr/local/lib/node_modules/npm/node_modules/fstream/lib/dir-writer.js:36:23',
126 error      '/usr/local/lib/node_modules/npm/node_modules/mkdirp/index.js:37:53',
126 error      'Object.oncomplete (fs.js:107:15)' ] }
127 error Please try running this command again as root/Administrator.
128 error System Darwin 14.0.0
129 error command "node" "/usr/local/bin/npm" "install" "-g"
130 error cwd /Users/Douglas/Sites/dougdougs.github.io/IonicApp/musicApp
131 error node -v v0.10.28
132 error npm -v 1.4.9
133 error path /usr/local/lib/node_modules/musicapp
134 error fstream_path /usr/local/lib/node_modules/musicapp
135 error fstream_type Directory
136 error fstream_class DirWriter
137 error code EACCES
138 error errno 3
139 error stack Error: EACCES, mkdir '/usr/local/lib/node_modules/musicapp'
140 error fstream_stack /usr/local/lib/node_modules/npm/node_modules/fstream/lib/dir-writer.js:36:23
140 error fstream_stack /usr/local/lib/node_modules/npm/node_modules/mkdirp/index.js:37:53
140 error fstream_stack Object.oncomplete (fs.js:107:15)
141 verbose exit [ 3, true ]
